<?xml version="1.0" encoding="UTF-8"?>
<testng-results ignored="0" total="1" passed="1" failed="0" skipped="0">
  <reporter-output>
  </reporter-output>
  <suite started-at="2022-11-23T03:00:32Z" name="Default suite" finished-at="2022-11-23T03:00:33Z" duration-ms="981">
    <groups>
    </groups>
    <test started-at="2022-11-23T03:00:32Z" name="Default test" finished-at="2022-11-23T03:00:33Z" duration-ms="981">
      <class name="com.qa.Fb.tests.LoginTest">
        <test-method signature="loginTest()[pri:0, instance:com.qa.Fb.tests.LoginTest@7ae42ce3]" started-at="2022-11-23T03:00:32Z" name="loginTest" finished-at="2022-11-23T03:00:32Z" duration-ms="876" status="PASS">
          <reporter-output>
          </reporter-output>
        </test-method> <!-- loginTest -->
      </class> <!-- com.qa.Fb.tests.LoginTest -->
    </test> <!-- Default test -->
  </suite> <!-- Default suite -->
</testng-results>
